<?xml version="1.0" encoding="UTF-8"?>
<!-- Generated by org.testng.reporters.JUnitReportReporter -->
<testsuite skipped="0" hostname="Samarpans-MacBook-Air.local" name="b_family.B" tests="2" failures="0" timestamp="07 Jun 2022 15:32:53 GMT" time="2.087" errors="0">
  <testcase name="testB" time="1.047" classname="b_family.B"/>
  <testcase name="testB" time="1.040" classname="b_family.B"/>
</testsuite> <!-- b_family.B -->
