<?xml version="1.0" encoding="UTF-8"?>
<!-- Generated by org.testng.reporters.JUnitReportReporter -->
<testsuite skipped="0" hostname="Samarpans-MacBook-Air.local" name="a_family.A" tests="2" failures="0" timestamp="07 Jun 2022 16:02:57 GMT" time="2.847" errors="0">
  <testcase name="testA" time="1.521" classname="a_family.A"/>
  <testcase name="testA" time="1.326" classname="a_family.A"/>
</testsuite> <!-- a_family.A -->
