<?xml version="1.0" encoding="UTF-8"?>
<!-- Generated by org.testng.reporters.JUnitReportReporter -->
<testsuite skipped="0" hostname="Samarpans-MacBook-Air.local" name="c_family.CCC" tests="2" failures="0" timestamp="07 Jun 2022 15:32:53 GMT" time="2.093" errors="0">
  <testcase name="testCCC" time="1.032" classname="c_family.CCC"/>
  <testcase name="testCCC" time="1.061" classname="c_family.CCC"/>
</testsuite> <!-- c_family.CCC -->
