<?xml version="1.0" encoding="UTF-8"?>
<!-- Generated by org.testng.reporters.JUnitReportReporter -->
<testsuite skipped="0" hostname="Samarpans-MacBook-Air.local" name="c_family.C" tests="2" failures="0" timestamp="07 Jun 2022 15:32:53 GMT" time="2.079" errors="0">
  <testcase name="testC" time="1.030" classname="c_family.C"/>
  <testcase name="testC" time="1.049" classname="c_family.C"/>
</testsuite> <!-- c_family.C -->
