<?xml version="1.0" encoding="UTF-8"?>
<!-- Generated by org.testng.reporters.JUnitReportReporter -->
<testsuite skipped="0" hostname="Samarpans-MacBook-Air.local" name="b_family.BBB" tests="2" failures="0" timestamp="07 Jun 2022 15:32:53 GMT" time="2.068" errors="0">
  <testcase name="testBBB" time="1.021" classname="b_family.BBB"/>
  <testcase name="testBBB" time="1.047" classname="b_family.BBB"/>
</testsuite> <!-- b_family.BBB -->
