<?xml version="1.0" encoding="UTF-8"?>
<!-- Generated by org.testng.reporters.JUnitReportReporter -->
<testsuite skipped="0" hostname="Samarpans-MacBook-Air.local" name="c_family.CC" tests="2" failures="0" timestamp="07 Jun 2022 15:32:53 GMT" time="2.105" errors="0">
  <testcase name="testCC" time="1.043" classname="c_family.CC"/>
  <testcase name="testCC" time="1.062" classname="c_family.CC"/>
</testsuite> <!-- c_family.CC -->
