<?xml version="1.0" encoding="UTF-8"?>
<!-- Generated by org.testng.reporters.JUnitReportReporter -->
<testsuite skipped="0" hostname="Samarpans-MacBook-Air.local" name="a_family.AA" tests="2" failures="0" timestamp="07 Jun 2022 16:02:57 GMT" time="2.138" errors="0">
  <testcase name="testAA" time="1.073" classname="a_family.AA"/>
  <testcase name="testAA" time="1.065" classname="a_family.AA"/>
</testsuite> <!-- a_family.AA -->
