<?xml version="1.0" encoding="UTF-8"?>
<!-- Generated by org.testng.reporters.JUnitReportReporter -->
<testsuite skipped="0" hostname="Samarpans-MacBook-Air.local" name="b_family.BB" tests="2" failures="0" timestamp="07 Jun 2022 15:32:53 GMT" time="2.057" errors="0">
  <testcase name="testBB" time="1.021" classname="b_family.BB"/>
  <testcase name="testBB" time="1.036" classname="b_family.BB"/>
</testsuite> <!-- b_family.BB -->
